<?xml version="1.0" encoding="UTF-8"?>
<!-- Generated by org.testng.reporters.JUnitReportReporter -->
<testsuite hostname="DESKTOP-0A7DVIM" failures="0" tests="1" name="com.simplilearn.TestingMedicareWebApplication.Testcases$testcase003" time="4.859" errors="0" timestamp="2023-09-04T23:02:44 IST" skipped="0">
  <testcase classname="com.simplilearn.TestingMedicareWebApplication.Testcases$testcase003" name="home" time="4.859"/>
</testsuite> <!-- com.simplilearn.TestingMedicareWebApplication.Testcases$testcase003 -->
