<?xml version="1.0" encoding="UTF-8"?>
<!-- Generated by org.testng.reporters.JUnitReportReporter -->
<testsuite hostname="DESKTOP-0A7DVIM" failures="0" tests="1" name="com.simplilearn.TestingMedicareWebApplication.Testcases$testcase005" time="5.619" errors="0" timestamp="2023-09-04T23:02:44 IST" skipped="0">
  <testcase classname="com.simplilearn.TestingMedicareWebApplication.Testcases$testcase005" name="about" time="5.619"/>
</testsuite> <!-- com.simplilearn.TestingMedicareWebApplication.Testcases$testcase005 -->
